### ISSUE TITLE
[rt.openssl.org #4360] OpenSSL-1.0.1 crash on sha1_block_data_order_ssse3 asm

### ISSUE THREAD

**Issue by richsalz** [openssl/openssl#2409]
Migrated from [rt.openssl.org#4360](https://rt.openssl.org/Ticket/Display.html?id=4360) (status was 'open')

Requestors:
* hw.hejian@huawei.com

From hw.hejian@huawei.com on 2016-03-01 04:12:37:
```
Hiï¼
we met crash of openssl (varely, 3 times i have seen) on linux x86_64.
openSSL version is  1.0.1r.

The stack is as below:
Program terminated with signal 11, Segmentation fault.
Thread 1 (Thread 0x7f0654871700 (LWP 22383)):
#0 0x00007f06a2cdddb8 in sha1_block_data_order_ssse3 ()
from *****/libcrypto.so.1.0.0
#1 0xca62c1d6ca62c1d6 in ?? ()
#2 0xca62c1d6ca62c1d6 in ?? ()
#3 0xca62c1d6ca62c1d6 in ?? ()

We find the similar issue on https://rt.openssl.org/, the ticket id is 3191 .
Can u help me confirm is it the same issue ?
And where can I get the commit b77b58a398c8b9b4113f3fb6b48e162a3b8d4527 ?

Ths !
```

From appro@openssl.org on 2016-03-01 12:52:17:
```
Hi,

> we met crash of openssl (varely, 3 times i have seen) on linux x86_64.
> openSSL version is  1.0.1r.
> 
> The stack is as below:
> Program terminated with signal 11, Segmentation fault.
> Thread 1 (Thread 0x7f0654871700 (LWP 22383)):
> #0 0x00007f06a2cdddb8 in sha1_block_data_order_ssse3 ()
> from *****/libcrypto.so.1.0.0
> #1 0xca62c1d6ca62c1d6 in ?? ()
> #2 0xca62c1d6ca62c1d6 in ?? ()
> #3 0xca62c1d6ca62c1d6 in ?? ()
> 
> We find the similar issue on https://rt.openssl.org/, the ticket id is 3191 .
> Can u help me confirm is it the same issue ?

Not with presented information :-( You need to complement it with output
from 'info reg' as well as output from 'disass' command till you see =>
mark pointing at failing instruction. From debugger prompts that is. And
since stack back-tracing is problematic here, tell approximately what
was going on? I mean did you experience crash with openssl command
(which one if so), or is it a web (or some other tls) server facing network?

> And where can I get the commit b77b58a398c8b9b4113f3fb6b48e162a3b8d4527 ?

It was incorporated 1.0.1 since 1.0.1f.

```

From hw.hejian@huawei.com on 2016-03-02 09:18:34:
```
Thank you very much for your reply!



Here is my complement:

1. I use the OpenSSL 1.0.1q, not 1.0.1r, sorry.



2.> I mean did you experience crash with openssl command (which one if so), or is it a web (or some other tls) server facing network?

   --our system is C/S structure, client and server communicate by CORBA. I experience crash when CORBA calls. The following is one stack:

     Program terminated with signal 11, Segmentation fault.

         Thread 1 (Thread 0x7f0654871700 (LWP 22383)):

         #0 0x00007f06a2cdddb8 in sha1_block_data_order_ssse3 ()

         from ***/lib/libcrypto.so.1.0.0

         #1 0xca62c1d6ca62c1d6 in ?? ()

         #2 0xca62c1d6ca62c1d6 in ?? ()

         #3 0xca62c1d6ca62c1d6 in ?? ()

         #4 0xca62c1d6ca62c1d6 in ?? ()

         #5 0xca62c1d6ca62c1d6 in ?? ()

         #6 0xca62c1d6ca62c1d6 in ?? ()

         #7 0xca62c1d6ca62c1d6 in ?? ()

         #8 0xca62c1d6ca62c1d6 in ?? ()

         #9 0xffffffffffffffea in ?? ()

         #10 0x00007f06aee0ded0 in ?? ()

         #11 0x03ffffffffffffff in ?? ()

         #12 0x00007f06a2cdb173 in SHA1_Update ()

    ...

         #16 0x00007f06a19e967b in ssl3_write_bytes ()

         from ***/lib/libssl.so.1.0.0

         #17 0x00007f06a0c0dc97 in ACE_SSL_SOCK_Stream::send(void const*, unsigned long, int, ACE_Time_Value const*) const ()

         from ***/lib/libACE_SSL.so.6.1.0

         #18 0x00007f06a0c0e001 in ACE_SSL_SOCK_Stream::sendv(iovec const*, unsigned long, ACE_Time_Value const*) const ()

         from ***/lib/libACE_SSL.so.6.1.0

         #19 0x00007f06a0e9ce6d in TAO::SSLIOP::Transport::send(iovec*, int, unsigned long&, ACE_Time_Value const*) ()

         from ***/lib/libTAO_SSLIOP.so

         ...

         #25 0x00007f06a8025544 in TAO_Transport::send_message_shared(TAO_Stub*, TAO_Message_Semantics, ACE_Message_Block const*, ACE_Time_Value*) ()

         from ***/lib/libTAO.so.2.1.0

         #26 0x00007f06a0e9cfba in TAO::SSLIOP::Transport::send_message(TAO_OutputCDR&, TAO_Stub*, TAO_Message_Semantics, ACE_Time_Value*) ()

         ...

         #35 0x00007f06a80227bf in TAO_Transport::process_parsed_messages(TAO_Queued_Data*, TAO_Resume_Handle&) () from ***/lib/libTAO.so.2.1.0

         #36 0x00007f06a8023228 in TAO_Transport::handle_input_parse_data(TAO_Resume_Handle&, ACE_Time_Value*) () from ***/lib/libTAO.so.2.1.0

         #37 0x00007f06a8023a43 in TAO_Transport::handle_input(TAO_Resume_Handle&, ACE_Time_Value*) () from ***/lib/libTAO.so.2.1.0

         #38 0x00007f06a0e9d0ad in TAO::SSLIOP::Transport::handle_input(TAO_Resume_Handle&, ACE_Time_Value*) () from ***/lib/libTAO_SSLIOP.so

         #39 0x00007f06a7f8cf03 in TAO_Connection_Handler::svc_i() ()

         from ***/lib/libTAO.so.2.1.0

         #40 0x00007f06a7870497 in ACE_Task_Base::svc_run(void*) ()

         ...

         #44 0x00007f06a6ad264d in clone () from /lib64/libc.so.6

         #45 0x0000000000000000 in ?? ()

         (gdb) quit



3.> You need to complement it with output from 'info reg' as well as output from 'disass' command till you see => mark pointing at failing instruction.

   --I check with one coredump file.

     (gdb) bt

         #0  0x00002b41740e8db8 in sha1_block_data_order_ssse3 () from /opt/oss/server/3rdTools/lib/libcrypto.so.1.0.0

         #1  0xfdf35677747316a9 in ?? ()

         #2  0x76e31e49fb938e17 in ?? ()

         #3  0xda54424849480908 in ?? ()

         #4  0x8169066fd99a223c in ?? ()

         #5  0xd3959399c3228e53 in ?? ()

         #6  0x4b40cb4385132309 in ?? ()

         #7  0xe89493da4d391b51 in ?? ()

         #8  0x258fe4e948e933e5 in ?? ()

         #9  0xffffffffffffffe7 in ?? ()

         #10 0x000055555a419c60 in ?? ()

         #11 0x03ffffffffffffff in ?? ()

         #12 0x00002b41740e6173 in SHA1_Update () from /opt/oss/server/3rdTools/lib/libcrypto.so.1.0.0

         #13 0x00002b417415b0ab in ssleay_rand_bytes () from /opt/oss/server/3rdTools/lib/libcrypto.so.1.0.0

         #14 0x00002aaaaabf6496 in tls1_enc () from /opt/oss/server/3rdTools/lib/libssl.so.1.0.0

         #15 0x00002aaaaabeb690 in do_ssl3_write () from /opt/oss/server/3rdTools/lib/libssl.so.1.0.0

         #16 0x00002aaaaabebb6b in ssl3_dispatch_alert () from /opt/oss/server/3rdTools/lib/libssl.so.1.0.0

         #17 0x00002aaada93cf90 in ?? ()

         #18 0x0000000000000000 in ?? ()

         (gdb) i r rsp

         rsp            0x50a7e100        0x50a7e100

         (gdb) x /1x 0x50a7e100

         0x50a7e100:    0xfdf35677747316a9

         (gdb) x /30a 0x50a7e100

         0x50a7e100:    0xfdf35677747316a9       0x76e31e49fb938e17

         0x50a7e110:    0xda54424849480908     0x8169066fd99a223c

         0x50a7e120:    0xd3959399c3228e53     0x4b40cb4385132309

         0x50a7e130:    0xe89493da4d391b51     0x258fe4e948e933e5

         0x50a7e140:    0xffffffffffffffe7          0x55555a419c60

         0x50a7e150:    0x3ffffffffffffff   0x2b41740e6173 <SHA1_Update+275>

         0x50a7e160:    0x13          0x408

         0x50a7e170:    0x2aaad71c5938     0x8

         0x50a7e180:    0x408       0x2b417415b0ab <ssleay_rand_bytes+555>

         0x50a7e190:    0x2b41741e8f87      0x50a7e1c0

         0x50a7e1a0:    0x50a7e1f0      0x1

         0x50a7e1b0:    0x100000000   0x50a7e210

         0x50a7e1c0:    0x2b4174328140 <sha1_md> 0x0

         0x50a7e1d0:    0x0   0x55555a419c60

         0x50a7e1e0:    0x0   0x2b4174165c40 <update>

         (gdb) disassemble 0x2b41740e6173

         Dump of assembler code for function SHA1_Update:

            ...

            0x00002b41740e607f <+31>:    sub    $0x28,%rsp

            ...

            0x00002b41740e60f5 <+149>: callq  0x2b41740e7140 <sha1_block_data_order>

            ...

            0x00002b41740e613e <+222>:          add    $0x28,%rsp

            0x00002b41740e6142 <+226>:          retq





         (gdb) disass 0x2b41740e8db8

         Dump of assembler code for function sha1_block_data_order_ssse3:

            0x00002b41740e8210 <+0>:     push   %rbx

            0x00002b41740e8211 <+1>:     push   %rbp

            0x00002b41740e8212 <+2>:     push   %r12

            0x00002b41740e8214 <+4>:     lea    -0x40(%rsp),%rsp

            0x00002b41740e8219 <+9>:     mov    %rdi,%r8

            ...

            0x00002b41740e8da7 <+2967>:       je     0x2b41740e8f40 <sha1_block_data_order_ssse3+3376>

            0x00002b41740e8dad <+2973>:       movdqa 0x40(%r11),%xmm6

            0x00002b41740e8db3 <+2979>:       movdqa (%r11),%xmm9

         => 0x00002b41740e8db8 <+2984>:         movdqu (%r9),%xmm0                             --is this what you want ?

            0x00002b41740e8dbd <+2989>:       movdqu 0x10(%r9),%xmm1

            0x00002b41740e8dc3 <+2995>:        movdqu 0x20(%r9),%xmm2

            0x00002b41740e8dc9 <+3001>:        movdqu 0x30(%r9),%xmm3





Thanks

B/R



-----é®ä»¶åä»¶-----

åä»¶äºº: Andy Polyakov via RT [mailto:rt@openssl.org]

åéæ¶é´: 2016å¹´3æ1æ¥ 20:52

æ¶ä»¶äºº: Hejian (E)

æé: openssl-dev@openssl.org<mailto:openssl-dev@openssl.org>

ä¸»é¢: Re: [openssl-dev] [openssl.org #4360] [BUG] OpenSSL-1.0.1 crash on sha1_block_data_order_ssse3 asm



Hi,



> we met crash of openssl (varely, 3 times i have seen) on linux x86_64.

> openSSL version is  1.0.1r.

>

> The stack is as below:

> Program terminated with signal 11, Segmentation fault.

> Thread 1 (Thread 0x7f0654871700 (LWP 22383)):

> #0 0x00007f06a2cdddb8 in sha1_block_data_order_ssse3 () from

> *****/libcrypto.so.1.0.0

> #1 0xca62c1d6ca62c1d6 in ?? ()

> #2 0xca62c1d6ca62c1d6 in ?? ()

> #3 0xca62c1d6ca62c1d6 in ?? ()

>

> We find the similar issue on https://rt.openssl.org/, the ticket id is 3191 .

> Can u help me confirm is it the same issue ?



Not with presented information :-( You need to complement it with output from 'info reg' as well as output from 'disass' command till you see => mark pointing at failing instruction. From debugger prompts that is. And since stack back-tracing is problematic here, tell approximately what was going on? I mean did you experience crash with openssl command (which one if so), or is it a web (or some other tls) server facing network?



> And where can I get the commit b77b58a398c8b9b4113f3fb6b48e162a3b8d4527 ?



It was incorporated 1.0.1 since 1.0.1f.





--

Ticket here: http://rt.openssl.org/Ticket/Display.html?id=4360

Please log in as guest with password guest if prompted


```

From appro@openssl.org on 2016-03-02 17:24:18:
```
>             0x00002b41740e8da7 <+2967>:       je     0x2b41740e8f40 <sha1_block_data_order_ssse3+3376>
>             0x00002b41740e8dad <+2973>:       movdqa 0x40(%r11),%xmm6
>             0x00002b41740e8db3 <+2979>:       movdqa (%r11),%xmm9
>          => 0x00002b41740e8db8 <+2984>:         movdqu (%r9),%xmm0                             --is this what you want ?

And 'info reg' please.

```

From hw.hejian@huawei.com on 2016-03-03 04:21:54:
```
Here is the info reg:

(gdb) info reg
rax            0x745dd1f0       1952305648
rbx            0xf92ba6dd       4180387549
rcx            0x7b69e2f6       2070536950
rdx            0x86dab00c      2262478860
rsi            0x6436d580       1681315200
rdi            0x4763c5a8       1197721000
rbp            0x72856ca1      0x72856ca1
rsp            0x50a7e100      0x50a7e100
r8             0x55555a419c60       93825074830432
r9             0x2b4174415ff8         47560123310072
r10            0x2b417433acb8      47560122412216
r11            0x2b41740e9080     47560119980160
r12            0xffffffffffffffe7 -25
r13            0x2b417433acf8       47560122412280
r14            0x55555a419c7c      93825074830460
r15            0x3ff          1023
rip            0x2b41740e8db8       0x2b41740e8db8 <sha1_block_data_order_ssse3+2984>
eflags         0x10202 [ IF RF ]
cs             0x33  51
ss             0x2b  43
ds             0x0    0
es             0x0    0
fs             0x63   99
gs             0x0    0
(gdb)


-----é®ä»¶åä»¶-----
åä»¶äºº: Andy Polyakov via RT [mailto:rt@openssl.org] 
åéæ¶é´: 2016å¹´3æ3æ¥ 1:24
æ¶ä»¶äºº: Hejian (E)
æé: openssl-dev@openssl.org
ä¸»é¢: Re: [openssl-dev] ç­å¤: [openssl.org #4360] [BUG] OpenSSL-1.0.1 crash on sha1_block_data_order_ssse3 asm

>             0x00002b41740e8da7 <+2967>:       je     0x2b41740e8f40 <sha1_block_data_order_ssse3+3376>
>             0x00002b41740e8dad <+2973>:       movdqa 0x40(%r11),%xmm6
>             0x00002b41740e8db3 <+2979>:       movdqa (%r11),%xmm9
>          => 0x00002b41740e8db8 <+2984>:         movdqu (%r9),%xmm0                             --is this what you want ?

And 'info reg' please.


-- 
Ticket here: http://rt.openssl.org/Ticket/Display.html?id=4360
Please log in as guest with password guest if prompted

```

From hw.hejian@huawei.com on 2016-03-07 03:24:52:
```
Hi Jeff

Thanks for your reply, this are registers info:

(gdb) info all-registers
rax            0x745dd1f0	1952305648
rbx            0xf92ba6dd	4180387549
rcx            0x7b69e2f6	2070536950
rdx            0x86dab00c	2262478860
rsi            0x6436d580	1681315200
rdi            0x4763c5a8	1197721000
rbp            0x72856ca1	0x72856ca1
rsp            0x50a7e100	0x50a7e100
r8             0x55555a419c60	93825074830432
r9             0x2b4174415ff8	47560123310072
r10            0x2b417433acb8	47560122412216
r11            0x2b41740e9080	47560119980160
r12            0xffffffffffffffe7	-25
r13            0x2b417433acf8	47560122412280
r14            0x55555a419c7c	93825074830460
r15            0x3ff	1023
rip            0x2b41740e8db8	0x2b41740e8db8 <sha1_block_data_order_ssse3+2984>
eflags         0x10202	[ IF RF ]
cs             0x33	51
ss             0x2b	43
ds             0x0	0
es             0x0	0
fs             0x63	99
gs             0x0	0
st0            0	(raw 0x00000000000000000000)
st1            0	(raw 0x00000000000000000000)
st2            0	(raw 0x00000000000000000000)
st3            0	(raw 0x00000000000000000000)
st4            0	(raw 0x00000000000000000000)
st5            0	(raw 0x00000000000000000000)
st6            0	(raw 0x00000000000000000000)
st7            0	(raw 0x00000000000000000000)
fctrl          0x37f	895
fstat          0x0	0
ftag           0xffff	65535
fiseg          0x0	0
fioff          0x0	0
foseg          0x0	0
fooff          0x0	0
fop            0x0	0
xmm0           {v4_float = {0x0, 0x0, 0x0, 0x0}, v2_double = {0x0, 0x0}, v16_int8 = {0xd3, 0x54, 0x10, 0xaa, 0xa1, 0x94, 0x90, 0x33, 0x41, 0xcc, 0x30, 0x31, 0x73, 
    0x5c, 0x80, 0xac}, v8_int16 = {0x54d3, 0xaa10, 0x94a1, 0x3390, 0xcc41, 0x3130, 0x5c73, 0xac80}, v4_int32 = {0xaa1054d3, 0x339094a1, 0x3130cc41, 0xac805c73}, 
  v2_int64 = {0x339094a1aa1054d3, 0xac805c733130cc41}, uint128 = 0xac805c733130cc41339094a1aa1054d3}
---Type <return> to continue, or q <return> to quit---
xmm1           {v4_float = {0x0, 0x0, 0x0, 0x0}, v2_double = {0x0, 0x0}, v16_int8 = {0x32, 0x47, 0xe5, 0x7e, 0x72, 0x80, 0xf1, 0xf, 0x66, 0x60, 0x37, 0xf, 0x99, 
    0x44, 0x6, 0xb7}, v8_int16 = {0x4732, 0x7ee5, 0x8072, 0xff1, 0x6066, 0xf37, 0x4499, 0xb706}, v4_int32 = {0x7ee54732, 0xff18072, 0xf376066, 0xb7064499}, 
  v2_int64 = {0xff180727ee54732, 0xb70644990f376066}, uint128 = 0xb70644990f3760660ff180727ee54732}
xmm2           {v4_float = {0x0, 0x0, 0x0, 0x0}, v2_double = {0x0, 0x0}, v16_int8 = {0x7d, 0xcc, 0xbf, 0xf8, 0xc3, 0xd1, 0x32, 0x9, 0x33, 0x61, 0xb0, 0xba, 0x6d, 
    0x9, 0xde, 0x80}, v8_int16 = {0xcc7d, 0xf8bf, 0xd1c3, 0x932, 0x6133, 0xbab0, 0x96d, 0x80de}, v4_int32 = {0xf8bfcc7d, 0x932d1c3, 0xbab06133, 0x80de096d}, 
  v2_int64 = {0x932d1c3f8bfcc7d, 0x80de096dbab06133}, uint128 = 0x80de096dbab061330932d1c3f8bfcc7d}
xmm3           {v4_float = {0x0, 0x0, 0x0, 0x0}, v2_double = {0x0, 0x8000000000000000}, v16_int8 = {0x7b, 0x59, 0xd6, 0x82, 0x4, 0xd2, 0x31, 0x1e, 0xf, 0x72, 0x86, 
    0x7e, 0x13, 0x23, 0x2d, 0x5b}, v8_int16 = {0x597b, 0x82d6, 0xd204, 0x1e31, 0x720f, 0x7e86, 0x2313, 0x5b2d}, v4_int32 = {0x82d6597b, 0x1e31d204, 0x7e86720f, 
    0x5b2d2313}, v2_int64 = {0x1e31d20482d6597b, 0x5b2d23137e86720f}, uint128 = 0x5b2d23137e86720f1e31d20482d6597b}
xmm4           {v4_float = {0x0, 0x2eef0000, 0x0, 0x0}, v2_double = {0x8000000000000000, 0x8000000000000000}, v16_int8 = {0xec, 0x23, 0xe4, 0x91, 0x11, 0xd1, 0xa, 
    0xd3, 0x41, 0x2d, 0xb5, 0x7b, 0x89, 0x87, 0x99, 0xed}, v8_int16 = {0x23ec, 0x91e4, 0xd111, 0xd30a, 0x2d41, 0x7bb5, 0x8789, 0xed99}, v4_int32 = {0x91e423ec, 
    0xd30ad111, 0x7bb52d41, 0xed998789}, v2_int64 = {0xd30ad11191e423ec, 0xed9987897bb52d41}, uint128 = 0xed9987897bb52d41d30ad11191e423ec}
xmm5           {v4_float = {0x1, 0x0, 0x0, 0x0}, v2_double = {0x0, 0x0}, v16_int8 = {0x79, 0x55, 0x93, 0x3f, 0x52, 0x79, 0x16, 0x14, 0xd2, 0xdc, 0x77, 0x1f, 0xa3, 
    0x65, 0x51, 0x33}, v8_int16 = {0x5579, 0x3f93, 0x7952, 0x1416, 0xdcd2, 0x1f77, 0x65a3, 0x3351}, v4_int32 = {0x3f935579, 0x14167952, 0x1f77dcd2, 0x335165a3}, 
  v2_int64 = {0x141679523f935579, 0x335165a31f77dcd2}, uint128 = 0x335165a31f77dcd2141679523f935579}
xmm6           {v4_float = {0x0, 0x0, 0x0, 0x0}, v2_double = {0x0, 0x0}, v16_int8 = {0x3, 0x2, 0x1, 0x0, 0x7, 0x6, 0x5, 0x4, 0xb, 0xa, 0x9, 0x8, 0xf, 0xe, 0xd, 
    0xc}, v8_int16 = {0x203, 0x1, 0x607, 0x405, 0xa0b, 0x809, 0xe0f, 0xc0d}, v4_int32 = {0x10203, 0x4050607, 0x8090a0b, 0xc0d0e0f}, v2_int64 = {0x405060700010203, 
    0xc0d0e0f08090a0b}, uint128 = 0x0c0d0e0f08090a0b0405060700010203}
xmm7           {v4_float = {0x0, 0x0, 0x0, 0x0}, v2_double = {0x0, 0x0}, v16_int8 = {0x93, 0xbe, 0x6, 0x2c, 0x89, 0x10, 0x8f, 0x11, 0xdf, 0x4, 0xba, 0x9a, 0xca, 
    0x18, 0xd6, 0xab}, v8_int16 = {0xbe93, 0x2c06, 0x1089, 0x118f, 0x4df, 0x9aba, 0x18ca, 0xabd6}, v4_int32 = {0x2c06be93, 0x118f1089, 0x9aba04df, 0xabd618ca}, 
  v2_int64 = {0x118f10892c06be93, 0xabd618ca9aba04df}, uint128 = 0xabd618ca9aba04df118f10892c06be93}
xmm8           {v4_float = {0x0, 0x0, 0x0, 0x0}, v2_double = {0x0, 0x0}, v16_int8 = {0x3, 0x0, 0x0, 0x0, 0x0, 0x0, 0x0, 0x0, 0x3, 0x0, 0x0, 0x0, 0x3, 0x0, 0x0, 
    0x0}, v8_int16 = {0x3, 0x0, 0x0, 0x0, 0x3, 0x0, 0x3, 0x0}, v4_int32 = {0x3, 0x0, 0x3, 0x3}, v2_int64 = {0x3, 0x300000003}, 
  uint128 = 0x00000003000000030000000000000003}
xmm9           {v4_float = {0x80000000, 0x80000000, 0x80000000, 0x80000000}, v2_double = {0x8000000000000000, 0x8000000000000000}, v16_int8 = {0x99, 0x79, 0x82, 
    0x5a, 0x99, 0x79, 0x82, 0x5a, 0x99, 0x79, 0x82, 0x5a, 0x99, 0x79, 0x82, 0x5a}, v8_int16 = {0x7999, 0x5a82, 0x7999, 0x5a82, 0x7999, 0x5a82, 0x7999, 0x5a82}, 
  v4_int32 = {0x5a827999, 0x5a827999, 0x5a827999, 0x5a827999}, v2_int64 = {0x5a8279995a827999, 0x5a8279995a827999}, uint128 = 0x5a8279995a8279995a8279995a827999}
xmm10          {v4_float = {0xb91b510, 0x0, 0x7499f, 0x0}, v2_double = {0x8000000000000000, 0x0}, v16_int8 = {0x51, 0x1b, 0x39, 0x4d, 0xda, 0x93, 0x94, 0xe8, 0xe5, 
    0x33, 0xe9, 0x48, 0xe9, 0xe4, 0x8f, 0x25}, v8_int16 = {0x1b51, 0x4d39, 0x93da, 0xe894, 0x33e5, 0x48e9, 0xe4e9, 0x258f}, v4_int32 = {0x4d391b51, 0xe89493da, 
    0x48e933e5, 0x258fe4e9}, v2_int64 = {0xe89493da4d391b51, 0x258fe4e948e933e5}, uint128 = 0x258fe4e948e933e5e89493da4d391b51}
xmm11          {v4_float = {0x0, 0x0, 0x0, 0x0}, v2_double = {0x0, 0x0}, v16_int8 = {0x0 <repeats 16 times>}, v8_int16 = {0x0, 0x0, 0x0, 0x0, 0x0, 0x0, 0x0, 0x0}, 
  v4_int32 = {0x0, 0x0, 0x0, 0x0}, v2_int64 = {0x0, 0x0}, uint128 = 0x00000000000000000000000000000000}
xmm12          {v4_float = {0x0, 0x0, 0x0, 0x0}, v2_double = {0x0, 0x0}, v16_int8 = {0x0 <repeats 16 times>}, v8_int16 = {0x0, 0x0, 0x0, 0x0, 0x0, 0x0, 0x0, 0x0}, 
  v4_int32 = {0x0, 0x0, 0x0, 0x0}, v2_int64 = {0x0, 0x0}, uint128 = 0x00000000000000000000000000000000}
xmm13          {v4_float = {0x0, 0x0, 0x0, 0x0}, v2_double = {0x0, 0x0}, v16_int8 = {0x0 <repeats 16 times>}, v8_int16 = {0x0, 0x0, 0x0, 0x0, 0x0, 0x0, 0x0, 0x0}, 
  v4_int32 = {0x0, 0x0, 0x0, 0x0}, v2_int64 = {0x0, 0x0}, uint128 = 0x00000000000000000000000000000000}
xmm14          {v4_float = {0x0, 0x0, 0x0, 0x0}, v2_double = {0x0, 0x0}, v16_int8 = {0x0 <repeats 16 times>}, v8_int16 = {0x0, 0x0, 0x0, 0x0, 0x0, 0x0, 0x0, 0x0}, 
  v4_int32 = {0x0, 0x0, 0x0, 0x0}, v2_int64 = {0x0, 0x0}, uint128 = 0x00000000000000000000000000000000}
xmm15          {v4_float = {0x0, 0x0, 0x0, 0x0}, v2_double = {0x0, 0x0}, v16_int8 = {0x0 <repeats 16 times>}, v8_int16 = {0x0, 0x0, 0x0, 0x0, 0x0, 0x0, 0x0, 0x0}, 
  v4_int32 = {0x0, 0x0, 0x0, 0x0}, v2_int64 = {0x0, 0x0}, uint128 = 0x00000000000000000000000000000000}
mxcsr          0x1fa0	[ PE IM DM ZM OM UM PM ]
(gdb)



-----é®ä»¶åä»¶-----
åä»¶äºº: Jeffrey Walton [mailto:noloader@gmail.com] 
åéæ¶é´: 2016å¹´3æ3æ¥ 12:31
æ¶ä»¶äºº: Hejian (E)
ä¸»é¢: Re: [openssl-dev] ç­å¤: ç­å¤: [openssl.org #4360] [BUG] OpenSSL-1.0.1 crash on sha1_block_data_order_ssse3 asm

Hi Hejian,

He's probably going to want 'info all-registers' because of MMX/SSE3 and the problem with sha1_block_data_order_ssse3. Also see http://sourceware.org/gdb/onlinedocs/gdb/Registers.html.

I'm just guessing, and my apologies for bringing it up.

Jeff

On Wed, Mar 2, 2016 at 11:21 PM, Hejian via RT <rt@openssl.org> wrote:
> Here is the info reg:
>
> (gdb) info reg
> rax            0x745dd1f0       1952305648
> rbx            0xf92ba6dd       4180387549
> rcx            0x7b69e2f6       2070536950
> rdx            0x86dab00c      2262478860
> rsi            0x6436d580       1681315200
> rdi            0x4763c5a8       1197721000
> rbp            0x72856ca1      0x72856ca1
> rsp            0x50a7e100      0x50a7e100
> r8             0x55555a419c60       93825074830432
> r9             0x2b4174415ff8         47560123310072
> r10            0x2b417433acb8      47560122412216
> r11            0x2b41740e9080     47560119980160
> r12            0xffffffffffffffe7 -25
> r13            0x2b417433acf8       47560122412280
> r14            0x55555a419c7c      93825074830460
> r15            0x3ff          1023
> rip            0x2b41740e8db8       0x2b41740e8db8 <sha1_block_data_order_ssse3+2984>
> eflags         0x10202 [ IF RF ]
> cs             0x33  51
> ss             0x2b  43
> ds             0x0    0
> es             0x0    0
> fs             0x63   99
> gs             0x0    0
> (gdb)
>
>
> -----é®ä»¶åä»¶-----
> åä»¶äºº: Andy Polyakov via RT [mailto:rt@openssl.org]
> åéæ¶é´: 2016å¹´3æ3æ¥ 1:24
> æ¶ä»¶äºº: Hejian (E)
> æé: openssl-dev@openssl.org
> ä¸»é¢: Re: [openssl-dev] ç­å¤: [openssl.org #4360] [BUG] OpenSSL-1.0.1 
> crash on sha1_block_data_order_ssse3 asm
>
>>             0x00002b41740e8da7 <+2967>:       je     0x2b41740e8f40 <sha1_block_data_order_ssse3+3376>
>>             0x00002b41740e8dad <+2973>:       movdqa 0x40(%r11),%xmm6
>>             0x00002b41740e8db3 <+2979>:       movdqa (%r11),%xmm9
>>          => 0x00002b41740e8db8 <+2984>:         movdqu (%r9),%xmm0                             --is this what you want ?
>
> And 'info reg' please.
```

From hw.hejian@huawei.com on 2016-03-08 02:19:49:
```
Hi Jeff,

I'm not sure this information is enough, if you want more information about this problem, please tell me ASAP.

Thank you.
B/R

-----é®ä»¶åä»¶-----
åä»¶äºº: Hejian (E) 
åéæ¶é´: 2016å¹´3æ7æ¥ 11:24
æ¶ä»¶äºº: 'noloader@gmail.com'
æé: openssl-dev@openssl.org; Liubo (Liubo, OSS); 'rt@openssl.org'
ä¸»é¢: ç­å¤: [openssl-dev] ç­å¤: ç­å¤: [openssl.org #4360] [BUG] OpenSSL-1.0.1 crash on sha1_block_data_order_ssse3 asm

Hi Jeff

Thanks for your reply, this are registers info:

(gdb) info all-registers
rax            0x745dd1f0	1952305648
rbx            0xf92ba6dd	4180387549
rcx            0x7b69e2f6	2070536950
rdx            0x86dab00c	2262478860
rsi            0x6436d580	1681315200
rdi            0x4763c5a8	1197721000
rbp            0x72856ca1	0x72856ca1
rsp            0x50a7e100	0x50a7e100
r8             0x55555a419c60	93825074830432
r9             0x2b4174415ff8	47560123310072
r10            0x2b417433acb8	47560122412216
r11            0x2b41740e9080	47560119980160
r12            0xffffffffffffffe7	-25
r13            0x2b417433acf8	47560122412280
r14            0x55555a419c7c	93825074830460
r15            0x3ff	1023
rip            0x2b41740e8db8	0x2b41740e8db8 <sha1_block_data_order_ssse3+2984>
eflags         0x10202	[ IF RF ]
cs             0x33	51
ss             0x2b	43
ds             0x0	0
es             0x0	0
fs             0x63	99
gs             0x0	0
st0            0	(raw 0x00000000000000000000)
st1            0	(raw 0x00000000000000000000)
st2            0	(raw 0x00000000000000000000)
st3            0	(raw 0x00000000000000000000)
st4            0	(raw 0x00000000000000000000)
st5            0	(raw 0x00000000000000000000)
st6            0	(raw 0x00000000000000000000)
st7            0	(raw 0x00000000000000000000)
fctrl          0x37f	895
fstat          0x0	0
ftag           0xffff	65535
fiseg          0x0	0
fioff          0x0	0
foseg          0x0	0
fooff          0x0	0
fop            0x0	0
xmm0           {v4_float = {0x0, 0x0, 0x0, 0x0}, v2_double = {0x0, 0x0}, v16_int8 = {0xd3, 0x54, 0x10, 0xaa, 0xa1, 0x94, 0x90, 0x33, 0x41, 0xcc, 0x30, 0x31, 0x73, 
    0x5c, 0x80, 0xac}, v8_int16 = {0x54d3, 0xaa10, 0x94a1, 0x3390, 0xcc41, 0x3130, 0x5c73, 0xac80}, v4_int32 = {0xaa1054d3, 0x339094a1, 0x3130cc41, 0xac805c73},
  v2_int64 = {0x339094a1aa1054d3, 0xac805c733130cc41}, uint128 = 0xac805c733130cc41339094a1aa1054d3}
---Type <return> to continue, or q <return> to quit---
xmm1           {v4_float = {0x0, 0x0, 0x0, 0x0}, v2_double = {0x0, 0x0}, v16_int8 = {0x32, 0x47, 0xe5, 0x7e, 0x72, 0x80, 0xf1, 0xf, 0x66, 0x60, 0x37, 0xf, 0x99, 
    0x44, 0x6, 0xb7}, v8_int16 = {0x4732, 0x7ee5, 0x8072, 0xff1, 0x6066, 0xf37, 0x4499, 0xb706}, v4_int32 = {0x7ee54732, 0xff18072, 0xf376066, 0xb7064499},
  v2_int64 = {0xff180727ee54732, 0xb70644990f376066}, uint128 = 0xb70644990f3760660ff180727ee54732}
xmm2           {v4_float = {0x0, 0x0, 0x0, 0x0}, v2_double = {0x0, 0x0}, v16_int8 = {0x7d, 0xcc, 0xbf, 0xf8, 0xc3, 0xd1, 0x32, 0x9, 0x33, 0x61, 0xb0, 0xba, 0x6d, 
    0x9, 0xde, 0x80}, v8_int16 = {0xcc7d, 0xf8bf, 0xd1c3, 0x932, 0x6133, 0xbab0, 0x96d, 0x80de}, v4_int32 = {0xf8bfcc7d, 0x932d1c3, 0xbab06133, 0x80de096d},
  v2_int64 = {0x932d1c3f8bfcc7d, 0x80de096dbab06133}, uint128 = 0x80de096dbab061330932d1c3f8bfcc7d}
xmm3           {v4_float = {0x0, 0x0, 0x0, 0x0}, v2_double = {0x0, 0x8000000000000000}, v16_int8 = {0x7b, 0x59, 0xd6, 0x82, 0x4, 0xd2, 0x31, 0x1e, 0xf, 0x72, 0x86, 
    0x7e, 0x13, 0x23, 0x2d, 0x5b}, v8_int16 = {0x597b, 0x82d6, 0xd204, 0x1e31, 0x720f, 0x7e86, 0x2313, 0x5b2d}, v4_int32 = {0x82d6597b, 0x1e31d204, 0x7e86720f, 
    0x5b2d2313}, v2_int64 = {0x1e31d20482d6597b, 0x5b2d23137e86720f}, uint128 = 0x5b2d23137e86720f1e31d20482d6597b}
xmm4           {v4_float = {0x0, 0x2eef0000, 0x0, 0x0}, v2_double = {0x8000000000000000, 0x8000000000000000}, v16_int8 = {0xec, 0x23, 0xe4, 0x91, 0x11, 0xd1, 0xa, 
    0xd3, 0x41, 0x2d, 0xb5, 0x7b, 0x89, 0x87, 0x99, 0xed}, v8_int16 = {0x23ec, 0x91e4, 0xd111, 0xd30a, 0x2d41, 0x7bb5, 0x8789, 0xed99}, v4_int32 = {0x91e423ec, 
    0xd30ad111, 0x7bb52d41, 0xed998789}, v2_int64 = {0xd30ad11191e423ec, 0xed9987897bb52d41}, uint128 = 0xed9987897bb52d41d30ad11191e423ec}
xmm5           {v4_float = {0x1, 0x0, 0x0, 0x0}, v2_double = {0x0, 0x0}, v16_int8 = {0x79, 0x55, 0x93, 0x3f, 0x52, 0x79, 0x16, 0x14, 0xd2, 0xdc, 0x77, 0x1f, 0xa3, 
    0x65, 0x51, 0x33}, v8_int16 = {0x5579, 0x3f93, 0x7952, 0x1416, 0xdcd2, 0x1f77, 0x65a3, 0x3351}, v4_int32 = {0x3f935579, 0x14167952, 0x1f77dcd2, 0x335165a3},
  v2_int64 = {0x141679523f935579, 0x335165a31f77dcd2}, uint128 = 0x335165a31f77dcd2141679523f935579}
xmm6           {v4_float = {0x0, 0x0, 0x0, 0x0}, v2_double = {0x0, 0x0}, v16_int8 = {0x3, 0x2, 0x1, 0x0, 0x7, 0x6, 0x5, 0x4, 0xb, 0xa, 0x9, 0x8, 0xf, 0xe, 0xd, 
    0xc}, v8_int16 = {0x203, 0x1, 0x607, 0x405, 0xa0b, 0x809, 0xe0f, 0xc0d}, v4_int32 = {0x10203, 0x4050607, 0x8090a0b, 0xc0d0e0f}, v2_int64 = {0x405060700010203, 
    0xc0d0e0f08090a0b}, uint128 = 0x0c0d0e0f08090a0b0405060700010203}
xmm7           {v4_float = {0x0, 0x0, 0x0, 0x0}, v2_double = {0x0, 0x0}, v16_int8 = {0x93, 0xbe, 0x6, 0x2c, 0x89, 0x10, 0x8f, 0x11, 0xdf, 0x4, 0xba, 0x9a, 0xca, 
    0x18, 0xd6, 0xab}, v8_int16 = {0xbe93, 0x2c06, 0x1089, 0x118f, 0x4df, 0x9aba, 0x18ca, 0xabd6}, v4_int32 = {0x2c06be93, 0x118f1089, 0x9aba04df, 0xabd618ca},
  v2_int64 = {0x118f10892c06be93, 0xabd618ca9aba04df}, uint128 = 0xabd618ca9aba04df118f10892c06be93}
xmm8           {v4_float = {0x0, 0x0, 0x0, 0x0}, v2_double = {0x0, 0x0}, v16_int8 = {0x3, 0x0, 0x0, 0x0, 0x0, 0x0, 0x0, 0x0, 0x3, 0x0, 0x0, 0x0, 0x3, 0x0, 0x0, 
    0x0}, v8_int16 = {0x3, 0x0, 0x0, 0x0, 0x3, 0x0, 0x3, 0x0}, v4_int32 = {0x3, 0x0, 0x3, 0x3}, v2_int64 = {0x3, 0x300000003},
  uint128 = 0x00000003000000030000000000000003}
xmm9           {v4_float = {0x80000000, 0x80000000, 0x80000000, 0x80000000}, v2_double = {0x8000000000000000, 0x8000000000000000}, v16_int8 = {0x99, 0x79, 0x82, 
    0x5a, 0x99, 0x79, 0x82, 0x5a, 0x99, 0x79, 0x82, 0x5a, 0x99, 0x79, 0x82, 0x5a}, v8_int16 = {0x7999, 0x5a82, 0x7999, 0x5a82, 0x7999, 0x5a82, 0x7999, 0x5a82},
  v4_int32 = {0x5a827999, 0x5a827999, 0x5a827999, 0x5a827999}, v2_int64 = {0x5a8279995a827999, 0x5a8279995a827999}, uint128 = 0x5a8279995a8279995a8279995a827999}
xmm10          {v4_float = {0xb91b510, 0x0, 0x7499f, 0x0}, v2_double = {0x8000000000000000, 0x0}, v16_int8 = {0x51, 0x1b, 0x39, 0x4d, 0xda, 0x93, 0x94, 0xe8, 0xe5, 
    0x33, 0xe9, 0x48, 0xe9, 0xe4, 0x8f, 0x25}, v8_int16 = {0x1b51, 0x4d39, 0x93da, 0xe894, 0x33e5, 0x48e9, 0xe4e9, 0x258f}, v4_int32 = {0x4d391b51, 0xe89493da, 
    0x48e933e5, 0x258fe4e9}, v2_int64 = {0xe89493da4d391b51, 0x258fe4e948e933e5}, uint128 = 0x258fe4e948e933e5e89493da4d391b51}
xmm11          {v4_float = {0x0, 0x0, 0x0, 0x0}, v2_double = {0x0, 0x0}, v16_int8 = {0x0 <repeats 16 times>}, v8_int16 = {0x0, 0x0, 0x0, 0x0, 0x0, 0x0, 0x0, 0x0}, 
  v4_int32 = {0x0, 0x0, 0x0, 0x0}, v2_int64 = {0x0, 0x0}, uint128 = 0x00000000000000000000000000000000}
xmm12          {v4_float = {0x0, 0x0, 0x0, 0x0}, v2_double = {0x0, 0x0}, v16_int8 = {0x0 <repeats 16 times>}, v8_int16 = {0x0, 0x0, 0x0, 0x0, 0x0, 0x0, 0x0, 0x0}, 
  v4_int32 = {0x0, 0x0, 0x0, 0x0}, v2_int64 = {0x0, 0x0}, uint128 = 0x00000000000000000000000000000000}
xmm13          {v4_float = {0x0, 0x0, 0x0, 0x0}, v2_double = {0x0, 0x0}, v16_int8 = {0x0 <repeats 16 times>}, v8_int16 = {0x0, 0x0, 0x0, 0x0, 0x0, 0x0, 0x0, 0x0}, 
  v4_int32 = {0x0, 0x0, 0x0, 0x0}, v2_int64 = {0x0, 0x0}, uint128 = 0x00000000000000000000000000000000}
xmm14          {v4_float = {0x0, 0x0, 0x0, 0x0}, v2_double = {0x0, 0x0}, v16_int8 = {0x0 <repeats 16 times>}, v8_int16 = {0x0, 0x0, 0x0, 0x0, 0x0, 0x0, 0x0, 0x0}, 
  v4_int32 = {0x0, 0x0, 0x0, 0x0}, v2_int64 = {0x0, 0x0}, uint128 = 0x00000000000000000000000000000000}
xmm15          {v4_float = {0x0, 0x0, 0x0, 0x0}, v2_double = {0x0, 0x0}, v16_int8 = {0x0 <repeats 16 times>}, v8_int16 = {0x0, 0x0, 0x0, 0x0, 0x0, 0x0, 0x0, 0x0}, 
  v4_int32 = {0x0, 0x0, 0x0, 0x0}, v2_int64 = {0x0, 0x0}, uint128 = 0x00000000000000000000000000000000}
mxcsr          0x1fa0	[ PE IM DM ZM OM UM PM ]
(gdb)



-----é®ä»¶åä»¶-----
åä»¶äºº: Jeffrey Walton [mailto:noloader@gmail.com]
åéæ¶é´: 2016å¹´3æ3æ¥ 12:31
æ¶ä»¶äºº: Hejian (E)
ä¸»é¢: Re: [openssl-dev] ç­å¤: ç­å¤: [openssl.org #4360] [BUG] OpenSSL-1.0.1 crash on sha1_block_data_order_ssse3 asm

Hi Hejian,

He's probably going to want 'info all-registers' because of MMX/SSE3 and the problem with sha1_block_data_order_ssse3. Also see http://sourceware.org/gdb/onlinedocs/gdb/Registers.html.

I'm just guessing, and my apologies for bringing it up.

Jeff

On Wed, Mar 2, 2016 at 11:21 PM, Hejian via RT <rt@openssl.org> wrote:
> Here is the info reg:
>
> (gdb) info reg
> rax            0x745dd1f0       1952305648
> rbx            0xf92ba6dd       4180387549
> rcx            0x7b69e2f6       2070536950
> rdx            0x86dab00c      2262478860
> rsi            0x6436d580       1681315200
> rdi            0x4763c5a8       1197721000
> rbp            0x72856ca1      0x72856ca1
> rsp            0x50a7e100      0x50a7e100
> r8             0x55555a419c60       93825074830432
> r9             0x2b4174415ff8         47560123310072
> r10            0x2b417433acb8      47560122412216
> r11            0x2b41740e9080     47560119980160
> r12            0xffffffffffffffe7 -25
> r13            0x2b417433acf8       47560122412280
> r14            0x55555a419c7c      93825074830460
> r15            0x3ff          1023
> rip            0x2b41740e8db8       0x2b41740e8db8 <sha1_block_data_order_ssse3+2984>
> eflags         0x10202 [ IF RF ]
> cs             0x33  51
> ss             0x2b  43
> ds             0x0    0
> es             0x0    0
> fs             0x63   99
> gs             0x0    0
> (gdb)
>
>
> -----é®ä»¶åä»¶-----
> åä»¶äºº: Andy Polyakov via RT [mailto:rt@openssl.org]
> åéæ¶é´: 2016å¹´3æ3æ¥ 1:24
> æ¶ä»¶äºº: Hejian (E)
> æé: openssl-dev@openssl.org
> ä¸»é¢: Re: [openssl-dev] ç­å¤: [openssl.org #4360] [BUG] OpenSSL-1.0.1 
> crash on sha1_block_data_order_ssse3 asm
>
>>             0x00002b41740e8da7 <+2967>:       je     0x2b41740e8f40 <sha1_block_data_order_ssse3+3376>
>>             0x00002b41740e8dad <+2973>:       movdqa 0x40(%r11),%xmm6
>>             0x00002b41740e8db3 <+2979>:       movdqa (%r11),%xmm9
>>          => 0x00002b41740e8db8 <+2984>:         movdqu (%r9),%xmm0                             --is this what you want ?
>
> And 'info reg' please.
```

From hw.hejian@huawei.com on 2016-03-18 01:20:52:
```
Hello
 Do you have any progress or suggestion about this ticket?
 If more information is needed ,tell me please.
Ths!


-----é®ä»¶åä»¶-----
åä»¶äºº: Hejian (E)
åéæ¶é´: 2016å¹´3æ7æ¥ 11:24
æ¶ä»¶äºº: 'noloader@gmail.com'
æé: openssl-dev@openssl.org; Liubo (Liubo, OSS); 'rt@openssl.org'
ä¸»é¢: ç­å¤: [openssl-dev] ç­å¤: ç­å¤: [openssl.org #4360] [BUG] OpenSSL-1.0.1 crash on sha1_block_data_order_ssse3 asm

Hi Jeff

Thanks for your reply, this are registers info:

(gdb) info all-registers
rax            0x745dd1f0	1952305648
rbx            0xf92ba6dd	4180387549
rcx            0x7b69e2f6	2070536950
rdx            0x86dab00c	2262478860
rsi            0x6436d580	1681315200
rdi            0x4763c5a8	1197721000
rbp            0x72856ca1	0x72856ca1
rsp            0x50a7e100	0x50a7e100
r8             0x55555a419c60	93825074830432
r9             0x2b4174415ff8	47560123310072
r10            0x2b417433acb8	47560122412216
r11            0x2b41740e9080	47560119980160
r12            0xffffffffffffffe7	-25
r13            0x2b417433acf8	47560122412280
r14            0x55555a419c7c	93825074830460
r15            0x3ff	1023
rip            0x2b41740e8db8	0x2b41740e8db8 <sha1_block_data_order_ssse3+2984>
eflags         0x10202	[ IF RF ]
cs             0x33	51
ss             0x2b	43
ds             0x0	0
es             0x0	0
fs             0x63	99
gs             0x0	0
st0            0	(raw 0x00000000000000000000)
st1            0	(raw 0x00000000000000000000)
st2            0	(raw 0x00000000000000000000)
st3            0	(raw 0x00000000000000000000)
st4            0	(raw 0x00000000000000000000)
st5            0	(raw 0x00000000000000000000)
st6            0	(raw 0x00000000000000000000)
st7            0	(raw 0x00000000000000000000)
fctrl          0x37f	895
fstat          0x0	0
ftag           0xffff	65535
fiseg          0x0	0
fioff          0x0	0
foseg          0x0	0
fooff          0x0	0
fop            0x0	0
xmm0           {v4_float = {0x0, 0x0, 0x0, 0x0}, v2_double = {0x0, 0x0}, v16_int8 = {0xd3, 0x54, 0x10, 0xaa, 0xa1, 0x94, 0x90, 0x33, 0x41, 0xcc, 0x30, 0x31, 0x73, 
    0x5c, 0x80, 0xac}, v8_int16 = {0x54d3, 0xaa10, 0x94a1, 0x3390, 0xcc41, 0x3130, 0x5c73, 0xac80}, v4_int32 = {0xaa1054d3, 0x339094a1, 0x3130cc41, 0xac805c73},
  v2_int64 = {0x339094a1aa1054d3, 0xac805c733130cc41}, uint128 = 0xac805c733130cc41339094a1aa1054d3}
---Type <return> to continue, or q <return> to quit---
xmm1           {v4_float = {0x0, 0x0, 0x0, 0x0}, v2_double = {0x0, 0x0}, v16_int8 = {0x32, 0x47, 0xe5, 0x7e, 0x72, 0x80, 0xf1, 0xf, 0x66, 0x60, 0x37, 0xf, 0x99, 
    0x44, 0x6, 0xb7}, v8_int16 = {0x4732, 0x7ee5, 0x8072, 0xff1, 0x6066, 0xf37, 0x4499, 0xb706}, v4_int32 = {0x7ee54732, 0xff18072, 0xf376066, 0xb7064499},
  v2_int64 = {0xff180727ee54732, 0xb70644990f376066}, uint128 = 0xb70644990f3760660ff180727ee54732}
xmm2           {v4_float = {0x0, 0x0, 0x0, 0x0}, v2_double = {0x0, 0x0}, v16_int8 = {0x7d, 0xcc, 0xbf, 0xf8, 0xc3, 0xd1, 0x32, 0x9, 0x33, 0x61, 0xb0, 0xba, 0x6d, 
    0x9, 0xde, 0x80}, v8_int16 = {0xcc7d, 0xf8bf, 0xd1c3, 0x932, 0x6133, 0xbab0, 0x96d, 0x80de}, v4_int32 = {0xf8bfcc7d, 0x932d1c3, 0xbab06133, 0x80de096d},
  v2_int64 = {0x932d1c3f8bfcc7d, 0x80de096dbab06133}, uint128 = 0x80de096dbab061330932d1c3f8bfcc7d}
xmm3           {v4_float = {0x0, 0x0, 0x0, 0x0}, v2_double = {0x0, 0x8000000000000000}, v16_int8 = {0x7b, 0x59, 0xd6, 0x82, 0x4, 0xd2, 0x31, 0x1e, 0xf, 0x72, 0x86, 
    0x7e, 0x13, 0x23, 0x2d, 0x5b}, v8_int16 = {0x597b, 0x82d6, 0xd204, 0x1e31, 0x720f, 0x7e86, 0x2313, 0x5b2d}, v4_int32 = {0x82d6597b, 0x1e31d204, 0x7e86720f, 
    0x5b2d2313}, v2_int64 = {0x1e31d20482d6597b, 0x5b2d23137e86720f}, uint128 = 0x5b2d23137e86720f1e31d20482d6597b}
xmm4           {v4_float = {0x0, 0x2eef0000, 0x0, 0x0}, v2_double = {0x8000000000000000, 0x8000000000000000}, v16_int8 = {0xec, 0x23, 0xe4, 0x91, 0x11, 0xd1, 0xa, 
    0xd3, 0x41, 0x2d, 0xb5, 0x7b, 0x89, 0x87, 0x99, 0xed}, v8_int16 = {0x23ec, 0x91e4, 0xd111, 0xd30a, 0x2d41, 0x7bb5, 0x8789, 0xed99}, v4_int32 = {0x91e423ec, 
    0xd30ad111, 0x7bb52d41, 0xed998789}, v2_int64 = {0xd30ad11191e423ec, 0xed9987897bb52d41}, uint128 = 0xed9987897bb52d41d30ad11191e423ec}
xmm5           {v4_float = {0x1, 0x0, 0x0, 0x0}, v2_double = {0x0, 0x0}, v16_int8 = {0x79, 0x55, 0x93, 0x3f, 0x52, 0x79, 0x16, 0x14, 0xd2, 0xdc, 0x77, 0x1f, 0xa3, 
    0x65, 0x51, 0x33}, v8_int16 = {0x5579, 0x3f93, 0x7952, 0x1416, 0xdcd2, 0x1f77, 0x65a3, 0x3351}, v4_int32 = {0x3f935579, 0x14167952, 0x1f77dcd2, 0x335165a3},
  v2_int64 = {0x141679523f935579, 0x335165a31f77dcd2}, uint128 = 0x335165a31f77dcd2141679523f935579}
xmm6           {v4_float = {0x0, 0x0, 0x0, 0x0}, v2_double = {0x0, 0x0}, v16_int8 = {0x3, 0x2, 0x1, 0x0, 0x7, 0x6, 0x5, 0x4, 0xb, 0xa, 0x9, 0x8, 0xf, 0xe, 0xd, 
    0xc}, v8_int16 = {0x203, 0x1, 0x607, 0x405, 0xa0b, 0x809, 0xe0f, 0xc0d}, v4_int32 = {0x10203, 0x4050607, 0x8090a0b, 0xc0d0e0f}, v2_int64 = {0x405060700010203, 
    0xc0d0e0f08090a0b}, uint128 = 0x0c0d0e0f08090a0b0405060700010203}
xmm7           {v4_float = {0x0, 0x0, 0x0, 0x0}, v2_double = {0x0, 0x0}, v16_int8 = {0x93, 0xbe, 0x6, 0x2c, 0x89, 0x10, 0x8f, 0x11, 0xdf, 0x4, 0xba, 0x9a, 0xca, 
    0x18, 0xd6, 0xab}, v8_int16 = {0xbe93, 0x2c06, 0x1089, 0x118f, 0x4df, 0x9aba, 0x18ca, 0xabd6}, v4_int32 = {0x2c06be93, 0x118f1089, 0x9aba04df, 0xabd618ca},
  v2_int64 = {0x118f10892c06be93, 0xabd618ca9aba04df}, uint128 = 0xabd618ca9aba04df118f10892c06be93}
xmm8           {v4_float = {0x0, 0x0, 0x0, 0x0}, v2_double = {0x0, 0x0}, v16_int8 = {0x3, 0x0, 0x0, 0x0, 0x0, 0x0, 0x0, 0x0, 0x3, 0x0, 0x0, 0x0, 0x3, 0x0, 0x0, 
    0x0}, v8_int16 = {0x3, 0x0, 0x0, 0x0, 0x3, 0x0, 0x3, 0x0}, v4_int32 = {0x3, 0x0, 0x3, 0x3}, v2_int64 = {0x3, 0x300000003},
  uint128 = 0x00000003000000030000000000000003}
xmm9           {v4_float = {0x80000000, 0x80000000, 0x80000000, 0x80000000}, v2_double = {0x8000000000000000, 0x8000000000000000}, v16_int8 = {0x99, 0x79, 0x82, 
    0x5a, 0x99, 0x79, 0x82, 0x5a, 0x99, 0x79, 0x82, 0x5a, 0x99, 0x79, 0x82, 0x5a}, v8_int16 = {0x7999, 0x5a82, 0x7999, 0x5a82, 0x7999, 0x5a82, 0x7999, 0x5a82},
  v4_int32 = {0x5a827999, 0x5a827999, 0x5a827999, 0x5a827999}, v2_int64 = {0x5a8279995a827999, 0x5a8279995a827999}, uint128 = 0x5a8279995a8279995a8279995a827999}
xmm10          {v4_float = {0xb91b510, 0x0, 0x7499f, 0x0}, v2_double = {0x8000000000000000, 0x0}, v16_int8 = {0x51, 0x1b, 0x39, 0x4d, 0xda, 0x93, 0x94, 0xe8, 0xe5, 
    0x33, 0xe9, 0x48, 0xe9, 0xe4, 0x8f, 0x25}, v8_int16 = {0x1b51, 0x4d39, 0x93da, 0xe894, 0x33e5, 0x48e9, 0xe4e9, 0x258f}, v4_int32 = {0x4d391b51, 0xe89493da, 
    0x48e933e5, 0x258fe4e9}, v2_int64 = {0xe89493da4d391b51, 0x258fe4e948e933e5}, uint128 = 0x258fe4e948e933e5e89493da4d391b51}
xmm11          {v4_float = {0x0, 0x0, 0x0, 0x0}, v2_double = {0x0, 0x0}, v16_int8 = {0x0 <repeats 16 times>}, v8_int16 = {0x0, 0x0, 0x0, 0x0, 0x0, 0x0, 0x0, 0x0}, 
  v4_int32 = {0x0, 0x0, 0x0, 0x0}, v2_int64 = {0x0, 0x0}, uint128 = 0x00000000000000000000000000000000}
xmm12          {v4_float = {0x0, 0x0, 0x0, 0x0}, v2_double = {0x0, 0x0}, v16_int8 = {0x0 <repeats 16 times>}, v8_int16 = {0x0, 0x0, 0x0, 0x0, 0x0, 0x0, 0x0, 0x0}, 
  v4_int32 = {0x0, 0x0, 0x0, 0x0}, v2_int64 = {0x0, 0x0}, uint128 = 0x00000000000000000000000000000000}
xmm13          {v4_float = {0x0, 0x0, 0x0, 0x0}, v2_double = {0x0, 0x0}, v16_int8 = {0x0 <repeats 16 times>}, v8_int16 = {0x0, 0x0, 0x0, 0x0, 0x0, 0x0, 0x0, 0x0}, 
  v4_int32 = {0x0, 0x0, 0x0, 0x0}, v2_int64 = {0x0, 0x0}, uint128 = 0x00000000000000000000000000000000}
xmm14          {v4_float = {0x0, 0x0, 0x0, 0x0}, v2_double = {0x0, 0x0}, v16_int8 = {0x0 <repeats 16 times>}, v8_int16 = {0x0, 0x0, 0x0, 0x0, 0x0, 0x0, 0x0, 0x0}, 
  v4_int32 = {0x0, 0x0, 0x0, 0x0}, v2_int64 = {0x0, 0x0}, uint128 = 0x00000000000000000000000000000000}
xmm15          {v4_float = {0x0, 0x0, 0x0, 0x0}, v2_double = {0x0, 0x0}, v16_int8 = {0x0 <repeats 16 times>}, v8_int16 = {0x0, 0x0, 0x0, 0x0, 0x0, 0x0, 0x0, 0x0}, 
  v4_int32 = {0x0, 0x0, 0x0, 0x0}, v2_int64 = {0x0, 0x0}, uint128 = 0x00000000000000000000000000000000}
mxcsr          0x1fa0	[ PE IM DM ZM OM UM PM ]
(gdb)

```

**Comment by mattcaswell** [comment]
1.0.1 has been out of support for a long time. If this is still a problem create a new issue for an up to date version of OpenSSL.
